<?xml version="1.0" encoding="UTF-8"?>
<!-- Generated by org.testng.reporters.JUnitXMLReporter -->
<testsuite ignored="3" hostname="DESKTOP-G2RVEG0" failures="1" tests="3" name="Test" time="10.816" errors="0" timestamp="2025-04-15T08:26:23 IST">
  <testcase classname="inventoryTests.AddProductToCartTest" name="tc_001_AddProductToCartTest" time="1.172"/>
  <testcase classname="inventoryTests.AddLowestProductToCartTest" name="addLowestPriceProductTest" time="2.492">
    <failure type="java.lang.AssertionError" message="expected [false] but found [true]">
      <![CDATA[java.lang.AssertionError: expected [false] but found [true]
at inventoryTests.AddLowestProductToCartTest.addLowestPriceProductTest(AddLowestProductToCartTest.java:39)
at java.base/java.util.ArrayList.forEach(ArrayList.java:1597)
... Removed 29 stack frames]]>
    </failure>
  </testcase> <!-- addLowestPriceProductTest -->
  <testcase classname="inventoryTests.AddLowestProductToCartTest" name="sample" time="0.003"/>
  <testcase classname="GenericUtility.BaseClass" name="@AfterTest acConfig" time="0.0">
    <ignored/>
  </testcase> <!-- @AfterTest acConfig -->
  <testcase classname="GenericUtility.BaseClass" name="@AfterSuite asConfig" time="0.0">
    <ignored/>
  </testcase> <!-- @AfterSuite asConfig -->
  <testcase classname="GenericUtility.BaseClass" name="@BeforeSuite bsConfig" time="0.0">
    <ignored/>
  </testcase> <!-- @BeforeSuite bsConfig -->
</testsuite> <!-- Test -->
